<?xml version="1.0" encoding="UTF-8"?>
<testsuite xmlns:xsi="http://www.w3.org/2001/XMLSchema-instance" xsi:noNamespaceSchemaLocation="https://maven.apache.org/surefire/maven-surefire-plugin/xsd/surefire-test-report-3.0.xsd" version="3.0" name="org.openhab.binding.miio.internal.MiIoQuantityTypesTest" time="0.055" tests="3" errors="0" skipped="0" failures="0">
  <properties>
[...]
</properties>
  <testcase name="regularsUnitTest" classname="org.openhab.binding.miio.internal.MiIoQuantityTypesTest" time="0.053"/>
  <testcase name="aliasUnitsTest" classname="org.openhab.binding.miio.internal.MiIoQuantityTypesTest" time="0"/>
  <testcase name="unknownUnitTest" classname="org.openhab.binding.miio.internal.MiIoQuantityTypesTest" time="0.001"/>
</testsuite>